# JRE version: OpenJDK Runtime Environment Temurin-17.0.7+7 (17.0.7+7) (build 17.0.7+7)
# Java VM: OpenJDK 64-Bit Server VM Temurin-17.0.7+7 (17.0.7+7, mixed mode, emulated-client, tiered, compressed oops, compressed class ptrs, g1 gc, windows-amd64)
GC Precious Log:
 CPUs: 12 total, 12 available
 Memory: 16043M
 Large Page Support: Disabled
 NUMA Support: Disabled
 Compressed Oops: Enabled (Zero based)
 Heap Region Size: 2M
 Heap Min Capacity: 8M
 Heap Initial Capacity: 252M
 Heap Max Capacity: 4012M
 Pre-touch: Disabled
 Parallel Workers: 10
 Concurrent Workers: 3
 Concurrent Refinement Workers: 10
 Periodic GC: Disabled
Heap:
 garbage-first heap   total 40960K, used 16190K [0x0000000705400000, 0x0000000800000000)
  region size 2048K, 1 young (2048K), 1 survivors (2048K)
 Metaspace       used 40022K, committed 40320K, reserved 1114112K
  class space    used 5129K, committed 5248K, reserved 1048576K
GC Heap History (20 events):
Event: 1.867 GC heap after
{Heap after GC invocations=3 (full 0):
 garbage-first heap   total 258048K, used 8131K [0x0000000705400000, 0x0000000800000000)
  region size 2048K, 1 young (2048K), 1 survivors (2048K)
 Metaspace       used 21232K, committed 21504K, reserved 1114112K
  class space    used 2473K, committed 2624K, reserved 1048576K
}
Event: 2.174 GC heap before
{Heap before GC invocations=4 (full 0):
 garbage-first heap   total 40960K, used 26563K [0x0000000705400000, 0x0000000800000000)
  region size 2048K, 12 young (24576K), 1 survivors (2048K)
 Metaspace       used 25686K, committed 25984K, reserved 1114112K
  class space    used 3174K, committed 3328K, reserved 1048576K
}
Event: 2.176 GC heap after
{Heap after GC invocations=5 (full 0):
 garbage-first heap   total 40960K, used 9203K [0x0000000705400000, 0x0000000800000000)
  region size 2048K, 2 young (4096K), 2 survivors (4096K)
 Metaspace       used 25686K, committed 25984K, reserved 1114112K
  class space    used 3174K, committed 3328K, reserved 1048576K
}
Event: 2.213 GC heap before
{Heap before GC invocations=5 (full 0):
 garbage-first heap   total 40960K, used 9203K [0x0000000705400000, 0x0000000800000000)
  region size 2048K, 3 young (6144K), 2 survivors (4096K)
 Metaspace       used 25991K, committed 26240K, reserved 1114112K
  class space    used 3222K, committed 3328K, reserved 1048576K
}
Event: 2.215 GC heap after
{Heap after GC invocations=6 (full 0):
 garbage-first heap   total 40960K, used 9434K [0x0000000705400000, 0x0000000800000000)
  region size 2048K, 1 young (2048K), 1 survivors (2048K)
 Metaspace       used 25991K, committed 26240K, reserved 1114112K
  class space    used 3222K, committed 3328K, reserved 1048576K
}
Event: 2.426 GC heap before
{Heap before GC invocations=6 (full 0):
 garbage-first heap   total 40960K, used 23770K [0x0000000705400000, 0x0000000800000000)
  region size 2048K, 9 young (18432K), 1 survivors (2048K)
 Metaspace       used 29497K, committed 29760K, reserved 1114112K
  class space    used 3592K, committed 3712K, reserved 1048576K
}
Event: 2.427 GC heap after
{Heap after GC invocations=7 (full 0):
 garbage-first heap   total 40960K, used 9936K [0x0000000705400000, 0x0000000800000000)
  region size 2048K, 1 young (2048K), 1 survivors (2048K)
 Metaspace       used 29497K, committed 29760K, reserved 1114112K
  class space    used 3592K, committed 3712K, reserved 1048576K
}
Event: 2.691 GC heap before
{Heap before GC invocations=7 (full 0):
 garbage-first heap   total 40960K, used 26320K [0x0000000705400000, 0x0000000800000000)
  region size 2048K, 9 young (18432K), 1 survivors (2048K)
 Metaspace       used 31156K, committed 31424K, reserved 1114112K
  class space    used 3855K, committed 3968K, reserved 1048576K
}
Event: 2.693 GC heap after
{Heap after GC invocations=8 (full 0):
 garbage-first heap   total 40960K, used 11010K [0x0000000705400000, 0x0000000800000000)
  region size 2048K, 1 young (2048K), 1 survivors (2048K)
 Metaspace       used 31156K, committed 31424K, reserved 1114112K
  class space    used 3855K, committed 3968K, reserved 1048576K
}
Event: 3.011 GC heap before
{Heap before GC invocations=8 (full 0):
 garbage-first heap   total 40960K, used 27394K [0x0000000705400000, 0x0000000800000000)
  region size 2048K, 9 young (18432K), 1 survivors (2048K)
 Metaspace       used 32852K, committed 33088K, reserved 1114112K
  class space    used 4113K, committed 4224K, reserved 1048576K
}
Event: 3.013 GC heap after
{Heap after GC invocations=9 (full 0):
 garbage-first heap   total 40960K, used 12069K [0x0000000705400000, 0x0000000800000000)
  region size 2048K, 2 young (4096K), 2 survivors (4096K)
 Metaspace       used 32852K, committed 33088K, reserved 1114112K
  class space    used 4113K, committed 4224K, reserved 1048576K
}
Event: 3.329 GC heap before
{Heap before GC invocations=9 (full 0):
 garbage-first heap   total 40960K, used 28453K [0x0000000705400000, 0x0000000800000000)
  region size 2048K, 10 young (20480K), 2 survivors (4096K)
 Metaspace       used 35683K, committed 35968K, reserved 1114112K
  class space    used 4532K, committed 4672K, reserved 1048576K
}
Event: 3.331 GC heap after
{Heap after GC invocations=10 (full 0):
 garbage-first heap   total 40960K, used 13682K [0x0000000705400000, 0x0000000800000000)
  region size 2048K, 2 young (4096K), 2 survivors (4096K)
 Metaspace       used 35683K, committed 35968K, reserved 1114112K
  class space    used 4532K, committed 4672K, reserved 1048576K
}
Event: 3.362 GC heap before
{Heap before GC invocations=10 (full 0):
 garbage-first heap   total 40960K, used 15730K [0x0000000705400000, 0x0000000800000000)
  region size 2048K, 4 young (8192K), 2 survivors (4096K)
 Metaspace       used 35989K, committed 36288K, reserved 1114112K
  class space    used 4588K, committed 4736K, reserved 1048576K
}
Event: 3.364 GC heap after
{Heap after GC invocations=11 (full 0):
 garbage-first heap   total 40960K, used 14213K [0x0000000705400000, 0x0000000800000000)
  region size 2048K, 2 young (4096K), 2 survivors (4096K)
 Metaspace       used 35989K, committed 36288K, reserved 1114112K
  class space    used 4588K, committed 4736K, reserved 1048576K
}
Event: 3.562 GC heap before
{Heap before GC invocations=12 (full 0):
 garbage-first heap   total 40960K, used 28549K [0x0000000705400000, 0x0000000800000000)
  region size 2048K, 9 young (18432K), 2 survivors (4096K)
 Metaspace       used 38009K, committed 38400K, reserved 1114112K
  class space    used 4871K, committed 5056K, reserved 1048576K
}
Event: 3.564 GC heap after
{Heap after GC invocations=13 (full 0):
 garbage-first heap   total 40960K, used 15460K [0x0000000705400000, 0x0000000800000000)
  region size 2048K, 2 young (4096K), 2 survivors (4096K)
 Metaspace       used 38009K, committed 38400K, reserved 1114112K
  class space    used 4871K, committed 5056K, reserved 1048576K
}
Event: 3.608 GC heap before
{Heap before GC invocations=13 (full 0):
 garbage-first heap   total 40960K, used 17508K [0x0000000705400000, 0x0000000800000000)
  region size 2048K, 3 young (6144K), 2 survivors (4096K)
 Metaspace       used 38531K, committed 38848K, reserved 1114112K
  class space    used 4916K, committed 5056K, reserved 1048576K
}
Event: 3.611 GC heap after
{Heap after GC invocations=14 (full 0):
 garbage-first heap   total 40960K, used 15796K [0x0000000705400000, 0x0000000800000000)
  region size 2048K, 1 young (2048K), 1 survivors (2048K)
 Metaspace       used 38531K, committed 38848K, reserved 1114112K
  class space    used 4916K, committed 5056K, reserved 1048576K
}
Event: 3.894 GC heap before
{Heap before GC invocations=14 (full 0):
 garbage-first heap   total 40960K, used 28084K [0x0000000705400000, 0x0000000800000000)
  region size 2048K, 7 young (14336K), 1 survivors (2048K)
 Metaspace       used 40022K, committed 40320K, reserved 1114112K
  class space    used 5129K, committed 5248K, reserved 1048576K
}

